Using pre-set license
Built from '2021.3/staging' branch; Version is '2021.3.25f1 (68ef2c4f8861) revision 6876972'; Using compiler version '192829333'; Build Type 'Release'
OS: 'Windows 10  (10.0.19045) 64bit Enterprise' Language: 'en' Physical Memory: 65224 MB
BatchMode: 1, IsHumanControllingUs: 0, StartBugReporterOnCrash: 0, Is64bit: 1, IsPro: 1

COMMAND LINE ARGUMENTS:
C:\Program Files\Unity\Hub\Editor\2021.3.25f1\Editor\Unity.exe
-adb2
-batchMode
-noUpm
-name
AssetImportWorker4
-projectPath
C:/Users/alexander.roache/MyDungeon
-logFile
Logs/AssetImportWorker4.log
-srvPort
60909
Successfully changed project path to: C:/Users/alexander.roache/MyDungeon
C:/Users/alexander.roache/MyDungeon
[UnityMemory] Configuration Parameters - Can be set up in boot.config
    "memorysetup-bucket-allocator-granularity=16"
    "memorysetup-bucket-allocator-bucket-count=8"
    "memorysetup-bucket-allocator-block-size=33554432"
    "memorysetup-bucket-allocator-block-count=8"
    "memorysetup-main-allocator-block-size=16777216"
    "memorysetup-thread-allocator-block-size=16777216"
    "memorysetup-gfx-main-allocator-block-size=16777216"
    "memorysetup-gfx-thread-allocator-block-size=16777216"
    "memorysetup-cache-allocator-block-size=4194304"
    "memorysetup-typetree-allocator-block-size=2097152"
    "memorysetup-profiler-bucket-allocator-granularity=16"
    "memorysetup-profiler-bucket-allocator-bucket-count=8"
    "memorysetup-profiler-bucket-allocator-block-size=33554432"
    "memorysetup-profiler-bucket-allocator-block-count=8"
    "memorysetup-profiler-allocator-block-size=16777216"
    "memorysetup-profiler-editor-allocator-block-size=1048576"
    "memorysetup-temp-allocator-size-main=16777216"
    "memorysetup-job-temp-allocator-block-size=2097152"
    "memorysetup-job-temp-allocator-block-size-background=1048576"
    "memorysetup-job-temp-allocator-reduction-small-platforms=262144"
    "memorysetup-temp-allocator-size-background-worker=32768"
    "memorysetup-temp-allocator-size-job-worker=262144"
    "memorysetup-temp-allocator-size-preload-manager=33554432"
    "memorysetup-temp-allocator-size-nav-mesh-worker=65536"
    "memorysetup-temp-allocator-size-audio-worker=65536"
    "memorysetup-temp-allocator-size-cloud-worker=32768"
    "memorysetup-temp-allocator-size-gi-baking-worker=262144"
    "memorysetup-temp-allocator-size-gfx=262144"
Player connection [2472] Host "[IP] 172.27.14.111 [Port] 0 [Flags] 2 [Guid] 1737336358 [EditorId] 1737336358 [Version] 1048832 [Id] WindowsEditor(7,NS00J002010DE17) [Debug] 1 [PackageName] WindowsEditor [ProjectName] Editor" joined multi-casting on [225.0.0.222:54997]...

Player connection [2472] Host "[IP] 172.27.14.111 [Port] 0 [Flags] 2 [Guid] 1737336358 [EditorId] 1737336358 [Version] 1048832 [Id] WindowsEditor(7,NS00J002010DE17) [Debug] 1 [PackageName] WindowsEditor [ProjectName] Editor" joined alternative multi-casting on [225.0.0.222:34997]...

Refreshing native plugins compatible for Editor in 79.53 ms, found 3 plugins.
Preloading 0 native plugins for Editor in 0.00 ms.
Initialize engine version: 2021.3.25f1 (68ef2c4f8861)
[Subsystems] Discovering subsystems at path C:/Program Files/Unity/Hub/Editor/2021.3.25f1/Editor/Data/Resources/UnitySubsystems
[Subsystems] Discovering subsystems at path C:/Users/alexander.roache/MyDungeon/Assets
GfxDevice: creating device client; threaded=0; jobified=0
Direct3D:
    Version:  Direct3D 11.0 [level 11.1]
    Renderer: NVIDIA GeForce RTX 3090 (ID=0x2204)
    Vendor:   NVIDIA
    VRAM:     24340 MB
    Driver:   31.0.15.3161
Initialize mono
Mono path[0] = 'C:/Program Files/Unity/Hub/Editor/2021.3.25f1/Editor/Data/Managed'
Mono path[1] = 'C:/Program Files/Unity/Hub/Editor/2021.3.25f1/Editor/Data/MonoBleedingEdge/lib/mono/unityjit-win32'
Mono config path = 'C:/Program Files/Unity/Hub/Editor/2021.3.25f1/Editor/Data/MonoBleedingEdge/etc'
Using monoOptions --debugger-agent=transport=dt_socket,embedding=1,server=y,suspend=n,address=127.0.0.1:56360
Begin MonoManager ReloadAssembly
Registering precompiled unity dll's ...
Register platform support module: C:/Program Files/Unity/Hub/Editor/2021.3.25f1/Editor/Data/PlaybackEngines/AndroidPlayer/UnityEditor.Android.Extensions.dll
Register platform support module: C:/Program Files/Unity/Hub/Editor/2021.3.25f1/Editor/Data/PlaybackEngines/WindowsStandaloneSupport/UnityEditor.WindowsStandalone.Extensions.dll
Registered in 0.007868 seconds.
Native extension for WindowsStandalone target not found
Native extension for Android target not found
Android Extension - Scanning For ADB Devices 470 ms
Refreshing native plugins compatible for Editor in 82.78 ms, found 3 plugins.
Preloading 0 native plugins for Editor in 0.00 ms.
Mono: successfully reloaded assembly
- Completed reload, in  1.366 seconds
Domain Reload Profiling:
	ReloadAssembly (1366ms)
		BeginReloadAssembly (64ms)
			ExecutionOrderSort (0ms)
			DisableScriptedObjects (0ms)
			BackupInstance (0ms)
			ReleaseScriptingObjects (0ms)
			CreateAndSetChildDomain (0ms)
		EndReloadAssembly (1146ms)
			LoadAssemblies (63ms)
			RebuildTransferFunctionScriptingTraits (0ms)
			SetupTypeCache (137ms)
			ReleaseScriptCaches (0ms)
			RebuildScriptCaches (37ms)
			SetupLoadedEditorAssemblies (910ms)
				LogAssemblyErrors (0ms)
				InitializePlatformSupportModulesInManaged (600ms)
				SetLoadedEditorAssemblies (0ms)
				RefreshPlugins (83ms)
				BeforeProcessingInitializeOnLoad (1ms)
				ProcessInitializeOnLoadAttributes (168ms)
				ProcessInitializeOnLoadMethodAttributes (58ms)
				AfterProcessingInitializeOnLoad (0ms)
				EditorAssembliesLoaded (0ms)
			ExecutionOrderSort2 (0ms)
			AwakeInstancesAfterBackupRestoration (0ms)
Platform modules already initialized, skipping
Registering precompiled user dll's ...
Registered in 0.026207 seconds.
Begin MonoManager ReloadAssembly
Symbol file LoadedFromMemory doesn't match image C:\Users\alexander.roache\MyDungeon\Library\PackageCache\com.unity.visualscripting@1.8.0\Editor\VisualScripting.Core\Dependencies\YamlDotNet\Unity.VisualScripting.YamlDotNet.dll
Symbol file LoadedFromMemory doesn't match image C:\Users\alexander.roache\MyDungeon\Library\PackageCache\com.unity.visualscripting@1.8.0\Editor\VisualScripting.Core\Dependencies\DotNetZip\Unity.VisualScripting.IonicZip.dll
Native extension for WindowsStandalone target not found
Native extension for Android target not found
Refreshing native plugins compatible for Editor in 0.54 ms, found 3 plugins.
Preloading 0 native plugins for Editor in 0.00 ms.
Mono: successfully reloaded assembly
- Completed reload, in  1.374 seconds
Domain Reload Profiling:
	ReloadAssembly (1375ms)
		BeginReloadAssembly (146ms)
			ExecutionOrderSort (0ms)
			DisableScriptedObjects (7ms)
			BackupInstance (0ms)
			ReleaseScriptingObjects (0ms)
			CreateAndSetChildDomain (30ms)
		EndReloadAssembly (1072ms)
			LoadAssemblies (107ms)
			RebuildTransferFunctionScriptingTraits (0ms)
			SetupTypeCache (337ms)
			ReleaseScriptCaches (0ms)
			RebuildScriptCaches (92ms)
			SetupLoadedEditorAssemblies (446ms)
				LogAssemblyErrors (0ms)
				InitializePlatformSupportModulesInManaged (25ms)
				SetLoadedEditorAssemblies (0ms)
				RefreshPlugins (1ms)
				BeforeProcessingInitializeOnLoad (106ms)
				ProcessInitializeOnLoadAttributes (274ms)
				ProcessInitializeOnLoadMethodAttributes (22ms)
				AfterProcessingInitializeOnLoad (17ms)
				EditorAssembliesLoaded (0ms)
			ExecutionOrderSort2 (0ms)
			AwakeInstancesAfterBackupRestoration (7ms)
Platform modules already initialized, skipping
========================================================================
Worker process is ready to serve import requests
Launched and connected shader compiler UnityShaderCompiler.exe after 0.06 seconds
Refreshing native plugins compatible for Editor in 0.38 ms, found 3 plugins.
Preloading 0 native plugins for Editor in 0.00 ms.
Unloading 3050 Unused Serialized files (Serialized files now loaded: 0)
Unloading 24 unused Assets / (341.4 KB). Loaded Objects now: 3513.
Memory consumption went from 112.7 MB to 112.4 MB.
Total: 1.989600 ms (FindLiveObjects: 0.157400 ms CreateObjectMapping: 0.066300 ms MarkObjects: 1.694600 ms  DeleteObjects: 0.070300 ms)

AssetImportParameters requested are different than current active one (requested -> active):
  custom:video-decoder-ogg-theora: a1e56fd34408186e4bbccfd4996cb3dc -> 
  custom:container-muxer-webm: aa71ff27fc2769a1b78a27578f13a17b -> 
  custom:container-demuxer-webm: 4f35f7cbe854078d1ac9338744f61a02 -> 
  custom:video-encoder-webm-vp8: eb34c28f22e8b96e1ab97ce403110664 -> 
  custom:audio-encoder-webm-vorbis: bf7c407c2cedff20999df2af8eb42d56 -> 
  custom:framework-win-MediaFoundation: 216162199b28c13a410421893ffa2e32 -> 
  custom:container-demuxer-ogg: 62fdf1f143b41e24485cea50d1cbac27 -> 
  custom:video-decoder-webm-vp8: 9c59270c3fd7afecdb556c50c9e8de78 -> 
  custom:audio-decoder-ogg-vorbis: bf7c407c2cedff20999df2af8eb42d56 -> 
========================================================================
Received Import Request.
  Time since last request: 17357.415606 seconds.
  path: Assets/Quaternius - Modular Dungeon Assets-20230721/Trapdoor.fbx
  artifactKey: Guid(625886d5d3c22cb438fadba058bd7c11) Importer(815301076,1909f56bfc062723c751e8b465ee728b)
Start importing Assets/Quaternius - Modular Dungeon Assets-20230721/Trapdoor.fbx using Guid(625886d5d3c22cb438fadba058bd7c11) Importer(815301076,1909f56bfc062723c751e8b465ee728b)  -> (artifact id: '1b9a76b1a0a04b561d8ffe324028e945') in 0.369084 seconds 
========================================================================
Received Import Request.
  Time since last request: 0.003282 seconds.
  path: Assets/Quaternius - Modular Dungeon Assets-20230721/Pedestal.fbx
  artifactKey: Guid(7139cedb84a0e0349ad31c99b56ac718) Importer(815301076,1909f56bfc062723c751e8b465ee728b)
Start importing Assets/Quaternius - Modular Dungeon Assets-20230721/Pedestal.fbx using Guid(7139cedb84a0e0349ad31c99b56ac718) Importer(815301076,1909f56bfc062723c751e8b465ee728b)  -> (artifact id: 'e7e8c1460b4f41b4b2ca8a4f320f9156') in 0.047710 seconds 
========================================================================
Received Import Request.
  Time since last request: 0.002142 seconds.
  path: Assets/Quaternius - Modular Dungeon Assets-20230721/Chair.fbx
  artifactKey: Guid(7fb823b64a0d3d34e94a2f40ec8a302c) Importer(815301076,1909f56bfc062723c751e8b465ee728b)
Start importing Assets/Quaternius - Modular Dungeon Assets-20230721/Chair.fbx using Guid(7fb823b64a0d3d34e94a2f40ec8a302c) Importer(815301076,1909f56bfc062723c751e8b465ee728b)  -> (artifact id: 'e5014ca915b8e014abd501d493bf690f') in 0.036134 seconds 
========================================================================
Received Import Request.
  Time since last request: 0.000303 seconds.
  path: Assets/Quaternius - Modular Dungeon Assets-20230721/Trapdoor_open.fbx
  artifactKey: Guid(4e820f5c6cd7e1341aea9a110d80121c) Importer(815301076,1909f56bfc062723c751e8b465ee728b)
Start importing Assets/Quaternius - Modular Dungeon Assets-20230721/Trapdoor_open.fbx using Guid(4e820f5c6cd7e1341aea9a110d80121c) Importer(815301076,1909f56bfc062723c751e8b465ee728b)  -> (artifact id: 'addc5e3de55315b0553782f490be3cf0') in 0.047774 seconds 
========================================================================
Received Import Request.
  Time since last request: 0.002876 seconds.
  path: Assets/Quaternius - Modular Dungeon Assets-20230721/Arch_bars.fbx
  artifactKey: Guid(df7ca69f8990fed4183117e9297f3557) Importer(815301076,1909f56bfc062723c751e8b465ee728b)
Start importing Assets/Quaternius - Modular Dungeon Assets-20230721/Arch_bars.fbx using Guid(df7ca69f8990fed4183117e9297f3557) Importer(815301076,1909f56bfc062723c751e8b465ee728b)  -> (artifact id: '93e18d93f5c317b0ae4725315449d325') in 0.051347 seconds 
========================================================================
Received Import Request.
  Time since last request: 0.000024 seconds.
  path: Assets/Quaternius - Modular Dungeon Assets-20230721/Bucket.fbx
  artifactKey: Guid(7bee01ef6610cd347b5b963d5d16dd81) Importer(815301076,1909f56bfc062723c751e8b465ee728b)
Start importing Assets/Quaternius - Modular Dungeon Assets-20230721/Bucket.fbx using Guid(7bee01ef6610cd347b5b963d5d16dd81) Importer(815301076,1909f56bfc062723c751e8b465ee728b)  -> (artifact id: '76115ce7f38465cb552207c02325fb6c') in 0.031148 seconds 
========================================================================
Received Import Request.
  Time since last request: 0.000037 seconds.
  path: Assets/Quaternius - Modular Dungeon Assets-20230721/Column2.fbx
  artifactKey: Guid(e0d198809cf0e0c4dacc1d2c6184d88f) Importer(815301076,1909f56bfc062723c751e8b465ee728b)
Start importing Assets/Quaternius - Modular Dungeon Assets-20230721/Column2.fbx using Guid(e0d198809cf0e0c4dacc1d2c6184d88f) Importer(815301076,1909f56bfc062723c751e8b465ee728b)  -> (artifact id: '64b50006abc340d7ee171193b0951a28') in 0.031128 seconds 
========================================================================
Received Import Request.
  Time since last request: 0.000019 seconds.
  path: Assets/Quaternius - Modular Dungeon Assets-20230721
  artifactKey: Guid(37b693facba7aa948833586edb7f0b0b) Importer(815301076,1909f56bfc062723c751e8b465ee728b)
Start importing Assets/Quaternius - Modular Dungeon Assets-20230721 using Guid(37b693facba7aa948833586edb7f0b0b) Importer(815301076,1909f56bfc062723c751e8b465ee728b)  -> (artifact id: '4bbea9e9a47222ee3e21884bd76b6c0b') in 0.010623 seconds 
========================================================================
Received Import Request.
  Time since last request: 0.000023 seconds.
  path: Assets/Quaternius - Modular Dungeon Assets-20230721/Sword_WallMount.fbx
  artifactKey: Guid(f211d56c864dd3440b811254601c635a) Importer(815301076,1909f56bfc062723c751e8b465ee728b)
Start importing Assets/Quaternius - Modular Dungeon Assets-20230721/Sword_WallMount.fbx using Guid(f211d56c864dd3440b811254601c635a) Importer(815301076,1909f56bfc062723c751e8b465ee728b)  -> (artifact id: '663588059fd834c4b3099a2e48ece756') in 0.062168 seconds 
========================================================================
Received Import Request.
  Time since last request: 0.002237 seconds.
  path: Assets/Quaternius - Modular Dungeon Assets-20230721/Skull.fbx
  artifactKey: Guid(3321129797fa0a74f8441aeff5bc2773) Importer(815301076,1909f56bfc062723c751e8b465ee728b)
Start importing Assets/Quaternius - Modular Dungeon Assets-20230721/Skull.fbx using Guid(3321129797fa0a74f8441aeff5bc2773) Importer(815301076,1909f56bfc062723c751e8b465ee728b)  -> (artifact id: '5d850306a4e42529a839b91718f07435') in 0.025054 seconds 
========================================================================
Received Import Request.
  Time since last request: 0.000020 seconds.
  path: Assets/Quaternius - Modular Dungeon Assets-20230721/Decorative_Wall.fbx
  artifactKey: Guid(5049b2a2a5c4a3a42b34e6b569a8bb89) Importer(815301076,1909f56bfc062723c751e8b465ee728b)
Start importing Assets/Quaternius - Modular Dungeon Assets-20230721/Decorative_Wall.fbx using Guid(5049b2a2a5c4a3a42b34e6b569a8bb89) Importer(815301076,1909f56bfc062723c751e8b465ee728b)  -> (artifact id: 'a4d05ece1b22feaeb3ed166ec76dae1e') in 0.030952 seconds 
========================================================================
Received Import Request.
  Time since last request: 0.000018 seconds.
  path: Assets/Quaternius - Modular Dungeon Assets-20230721/Column.fbx
  artifactKey: Guid(2efd515d95d92c9478e982ab025b4d54) Importer(815301076,1909f56bfc062723c751e8b465ee728b)
Start importing Assets/Quaternius - Modular Dungeon Assets-20230721/Column.fbx using Guid(2efd515d95d92c9478e982ab025b4d54) Importer(815301076,1909f56bfc062723c751e8b465ee728b)  -> (artifact id: 'ff73db9c09f2d7f4f9277084bf0a448b') in 0.027195 seconds 
========================================================================
Received Import Request.
  Time since last request: 0.000306 seconds.
  path: Assets/Quaternius - Modular Dungeon Assets-20230721/Vase.fbx
  artifactKey: Guid(53f98a10802a9f54489a982116eb57a1) Importer(815301076,1909f56bfc062723c751e8b465ee728b)
Start importing Assets/Quaternius - Modular Dungeon Assets-20230721/Vase.fbx using Guid(53f98a10802a9f54489a982116eb57a1) Importer(815301076,1909f56bfc062723c751e8b465ee728b)  -> (artifact id: '5df93178f28a480009138ed61028fcb2') in 0.028897 seconds 
========================================================================
Received Import Request.
  Time since last request: 0.000253 seconds.
  path: Assets/Quaternius - Modular Dungeon Assets-20230721/Cobweb2.fbx
  artifactKey: Guid(6a34bc5edff00184da9178c444192547) Importer(815301076,1909f56bfc062723c751e8b465ee728b)
Start importing Assets/Quaternius - Modular Dungeon Assets-20230721/Cobweb2.fbx using Guid(6a34bc5edff00184da9178c444192547) Importer(815301076,1909f56bfc062723c751e8b465ee728b)  -> (artifact id: '97f5f987bf8a2b5855676d7850937b40') in 0.025958 seconds 
========================================================================
Received Import Request.
  Time since last request: 0.000018 seconds.
  path: Assets/Quaternius - Modular Dungeon Assets-20230721/Table_Small.fbx
  artifactKey: Guid(8dbf4512e8c4ac84f82510c25e2c6a73) Importer(815301076,1909f56bfc062723c751e8b465ee728b)
Start importing Assets/Quaternius - Modular Dungeon Assets-20230721/Table_Small.fbx using Guid(8dbf4512e8c4ac84f82510c25e2c6a73) Importer(815301076,1909f56bfc062723c751e8b465ee728b)  -> (artifact id: 'b9616af7750020ebd33a7158e80ab9b1') in 0.030603 seconds 
========================================================================
Received Import Request.
  Time since last request: 0.000022 seconds.
  path: Assets/Quaternius - Modular Dungeon Assets-20230721/Torch.fbx
  artifactKey: Guid(ab351242682962a4599859776014f6f1) Importer(815301076,1909f56bfc062723c751e8b465ee728b)
Start importing Assets/Quaternius - Modular Dungeon Assets-20230721/Torch.fbx using Guid(ab351242682962a4599859776014f6f1) Importer(815301076,1909f56bfc062723c751e8b465ee728b)  -> (artifact id: '946724b58ec82a150af7d6fbbb31b446') in 0.031598 seconds 
========================================================================
Received Import Request.
  Time since last request: 0.000021 seconds.
  path: Assets/Quaternius - Modular Dungeon Assets-20230721/Floor_BricksSeparate.fbx
  artifactKey: Guid(67b143ad2295e7440af162cb46045265) Importer(815301076,1909f56bfc062723c751e8b465ee728b)
Start importing Assets/Quaternius - Modular Dungeon Assets-20230721/Floor_BricksSeparate.fbx using Guid(67b143ad2295e7440af162cb46045265) Importer(815301076,1909f56bfc062723c751e8b465ee728b)  -> (artifact id: '542410782e08e60e797ff85059d3cfa1') in 0.025318 seconds 
Editor requested this worker to shutdown with reason: Scaling down because of idle timeout
AssetImportWorker is now disconnected from the server
Process exiting
Exiting without the bug reporter. Application will terminate with return code 0